c:\users\luckin\desktop\interlacer github\projekt\interlacer\gfxlib\x64\release\gfxlib.pch
c:\users\luckin\desktop\interlacer github\projekt\interlacer\gfxlib\x64\release\vc120.pdb
c:\users\luckin\desktop\interlacer github\projekt\interlacer\gfxlib\x64\release\stdafx.obj
c:\users\luckin\desktop\interlacer github\projekt\interlacer\gfxlib\x64\release\gfxlib.obj
c:\users\luckin\desktop\interlacer github\projekt\interlacer\bin64bit\gfxlib.lib
c:\users\luckin\desktop\interlacer github\projekt\interlacer\bin64bit\gfxlib.exp
c:\users\luckin\desktop\interlacer github\projekt\interlacer\bin64bit\gfxlib.dll
c:\users\luckin\desktop\interlacer github\projekt\interlacer\bin64bit\gfxlib.pdb
d:\bak. prace\interlacer\gfxlib\x64\release\gfxlib.obj
d:\bak. prace\interlacer\gfxlib\x64\release\stdafx.obj
d:\bak. prace\interlacer\gfxlib\x64\release\gfxlib.pch
d:\bak. prace\interlacer\gfxlib\x64\release\vc120.pdb
d:\bak. prace\interlacer\gfxlib\..\bin64bit\gfxlib.dll
d:\bak. prace\interlacer\gfxlib\x64\release\gfxlib.tlog\cl.command.1.tlog
d:\bak. prace\interlacer\gfxlib\x64\release\gfxlib.tlog\cl.read.1.tlog
d:\bak. prace\interlacer\gfxlib\x64\release\gfxlib.tlog\cl.write.1.tlog
d:\bak. prace\interlacer\gfxlib\x64\release\gfxlib.tlog\gfxlib.write.1u.tlog
d:\bak. prace\interlacer\gfxlib\x64\release\gfxlib.tlog\link.command.1.tlog
d:\bak. prace\interlacer\gfxlib\x64\release\gfxlib.tlog\link.read.1.tlog
d:\bak. prace\interlacer\gfxlib\x64\release\gfxlib.tlog\link.write.1.tlog
